(node:46794) [MODULE_TYPELESS_PACKAGE_JSON] Warning: Module type of file:///home/mizar/MatchIndex/src/data/statsbombIngest.ts is not specified and it doesn't parse as CommonJS.
Reparsing as ES module because module syntax was detected. This incurs a performance overhead.
To eliminate this warning, add "type": "module" to /home/mizar/MatchIndex/package.json.
(Use `node --trace-warnings ...` to show where the warning was created)
{
  "dryRun": false,
  "competitionsProcessed": 12,
  "matchesProcessed": 123,
  "fetchedFiles": 13,
  "changedFiles": 13,
  "upstreamRef": "master"
}
(node:47914) [MODULE_TYPELESS_PACKAGE_JSON] Warning: Module type of file:///home/mizar/MatchIndex/src/data/statsbombMaterialize.ts is not specified and it doesn't parse as CommonJS.
Reparsing as ES module because module syntax was detected. This incurs a performance overhead.
To eliminate this warning, add "type": "module" to /home/mizar/MatchIndex/package.json.
(Use `node --trace-warnings ...` to show where the warning was created)
{
  "dryRun": false,
  "countries": 32,
  "competitions": 3,
  "seasons": 11,
  "venues": 36,
  "teams": 55,
  "competitionSeasons": 12,
  "teamSeasons": 78,
  "matches": 123
}
(node:48382) [MODULE_TYPELESS_PACKAGE_JSON] Warning: Module type of file:///home/mizar/MatchIndex/src/data/statsbombMaterializeDetails.ts is not specified and it doesn't parse as CommonJS.
Reparsing as ES module because module syntax was detected. This incurs a performance overhead.
To eliminate this warning, add "type": "module" to /home/mizar/MatchIndex/package.json.
(Use `node --trace-warnings ...` to show where the warning was created)
{
  "dryRun": false,
  "players": 92,
  "contracts": 108,
  "playerSeasonStats": 108,
  "lineupRows": 108,
  "eventRows": 12209,
  "relationRows": 16965,
  "freezeFrameRows": 1388,
  "visibleAreaRows": 0,
  "matchStatsRows": 6
}
{
  "ok": true,
  "profile": "hourly",
  "description": "최근 범위 위주의 시간 단위 경기 이벤트 수집",
  "competitionLimit": 12,
  "detailsBatchSize": 3,
  "matchesPerSeasonLimit": 40,
  "rotateDetailBatches": true,
  "commandCount": 3
}
{
  "ok": true,
  "jobId": "match-events-hourly",
  "startedAt": "2026-03-09T13:47:53.995Z",
  "finishedAt": "2026-03-09T13:57:09.921Z",
  "commandCount": 1
}
(node:1732) [MODULE_TYPELESS_PACKAGE_JSON] Warning: Module type of file:///home/mizar/MatchIndex/src/data/statsbombIngest.ts is not specified and it doesn't parse as CommonJS.
Reparsing as ES module because module syntax was detected. This incurs a performance overhead.
To eliminate this warning, add "type": "module" to /home/mizar/MatchIndex/package.json.
(Use `node --trace-warnings ...` to show where the warning was created)
{
  "dryRun": false,
  "competitionsProcessed": 12,
  "matchesProcessed": 123,
  "fetchedFiles": 13,
  "changedFiles": 13,
  "upstreamRef": "master"
}
